<?xml version="1.0" encoding="UTF-8"?>
<testsuite name="com.blog.controller.HelloControllerTest" tests="0" skipped="0" failures="0" errors="0" timestamp="1970-01-01T00:00:00" hostname="Marlon-PC" time="0.0">
  <properties/>
  <system-out><![CDATA[17:47:29.988 [Test worker] DEBUG org.springframework.test.context.junit4.SpringJUnit4ClassRunner - SpringJUnit4ClassRunner constructor called with [class com.blog.controller.HelloControllerTest]
17:47:29.988 [Test worker] DEBUG org.springframework.test.context.BootstrapUtils - Instantiating CacheAwareContextLoaderDelegate from class [org.springframework.test.context.cache.DefaultCacheAwareContextLoaderDelegate]
17:47:29.989 [Test worker] DEBUG org.springframework.test.context.BootstrapUtils - Instantiating BootstrapContext using constructor [public org.springframework.test.context.support.DefaultBootstrapContext(java.lang.Class,org.springframework.test.context.CacheAwareContextLoaderDelegate)]
17:47:29.992 [Test worker] DEBUG org.springframework.test.context.BootstrapUtils - Instantiating TestContextBootstrapper for test class [com.blog.controller.HelloControllerTest] from class [org.springframework.boot.test.context.SpringBootTestContextBootstrapper]
17:47:29.992 [Test worker] INFO org.springframework.boot.test.context.SpringBootTestContextBootstrapper - Neither @ContextConfiguration nor @ContextHierarchy found for test class [com.blog.controller.HelloControllerTest], using SpringBootContextLoader
17:47:29.993 [Test worker] DEBUG org.springframework.test.context.support.AbstractContextLoader - Did not detect default resource location for test class [com.blog.controller.HelloControllerTest]: class path resource [com/blog/controller/HelloControllerTest-context.xml] does not exist
17:47:29.994 [Test worker] DEBUG org.springframework.test.context.support.AbstractContextLoader - Did not detect default resource location for test class [com.blog.controller.HelloControllerTest]: class path resource [com/blog/controller/HelloControllerTestContext.groovy] does not exist
17:47:29.994 [Test worker] INFO org.springframework.test.context.support.AbstractContextLoader - Could not detect default resource locations for test class [com.blog.controller.HelloControllerTest]: no resource found for suffixes {-context.xml, Context.groovy}.
17:47:29.994 [Test worker] INFO org.springframework.test.context.support.AnnotationConfigContextLoaderUtils - Could not detect default configuration classes for test class [com.blog.controller.HelloControllerTest]: HelloControllerTest does not declare any static, non-private, non-final, nested classes annotated with @Configuration.
17:47:30.019 [Test worker] DEBUG org.springframework.test.context.support.ActiveProfilesUtils - Could not find an 'annotation declaring class' for annotation type [org.springframework.test.context.ActiveProfiles] and class [com.blog.controller.HelloControllerTest]
17:47:30.019 [Test worker] DEBUG org.springframework.core.env.StandardEnvironment - Adding [systemProperties] PropertySource with lowest search precedence
17:47:30.019 [Test worker] DEBUG org.springframework.core.env.StandardEnvironment - Adding [systemEnvironment] PropertySource with lowest search precedence
17:47:30.019 [Test worker] DEBUG org.springframework.core.env.StandardEnvironment - Initialized StandardEnvironment with PropertySources [systemProperties,systemEnvironment]
17:47:30.020 [Test worker] DEBUG org.springframework.core.io.support.PathMatchingResourcePatternResolver - Resolved classpath location [com/blog/controller/] to resources [URL [file:/F:/GitHub/SpringBootBlog/build/classes/test/com/blog/controller/]]
17:47:30.020 [Test worker] DEBUG org.springframework.core.io.support.PathMatchingResourcePatternResolver - Looking for matching resources in directory tree [F:\GitHub\SpringBootBlog\build\classes\test\com\blog\controller]
17:47:30.021 [Test worker] DEBUG org.springframework.core.io.support.PathMatchingResourcePatternResolver - Searching directory [F:\GitHub\SpringBootBlog\build\classes\test\com\blog\controller] for files matching pattern [F:/GitHub/SpringBootBlog/build/classes/test/com/blog/controller/*.class]
17:47:30.021 [Test worker] DEBUG org.springframework.core.io.support.PathMatchingResourcePatternResolver - Resolved location pattern [classpath*:com/blog/controller/*.class] to resources [file [F:\GitHub\SpringBootBlog\build\classes\test\com\blog\controller\HelloControllerTest.class]]
17:47:30.023 [Test worker] DEBUG org.springframework.core.io.support.PathMatchingResourcePatternResolver - Resolved classpath location [com/blog/] to resources [URL [file:/F:/GitHub/SpringBootBlog/build/classes/test/com/blog/], URL [file:/F:/GitHub/SpringBootBlog/build/classes/main/com/blog/]]
17:47:30.023 [Test worker] DEBUG org.springframework.core.io.support.PathMatchingResourcePatternResolver - Looking for matching resources in directory tree [F:\GitHub\SpringBootBlog\build\classes\test\com\blog]
17:47:30.023 [Test worker] DEBUG org.springframework.core.io.support.PathMatchingResourcePatternResolver - Searching directory [F:\GitHub\SpringBootBlog\build\classes\test\com\blog] for files matching pattern [F:/GitHub/SpringBootBlog/build/classes/test/com/blog/*.class]
17:47:30.023 [Test worker] DEBUG org.springframework.core.io.support.PathMatchingResourcePatternResolver - Looking for matching resources in directory tree [F:\GitHub\SpringBootBlog\build\classes\main\com\blog]
17:47:30.024 [Test worker] DEBUG org.springframework.core.io.support.PathMatchingResourcePatternResolver - Searching directory [F:\GitHub\SpringBootBlog\build\classes\main\com\blog] for files matching pattern [F:/GitHub/SpringBootBlog/build/classes/main/com/blog/*.class]
17:47:30.025 [Test worker] DEBUG org.springframework.core.io.support.PathMatchingResourcePatternResolver - Resolved location pattern [classpath*:com/blog/*.class] to resources [file [F:\GitHub\SpringBootBlog\build\classes\test\com\blog\ApplicationTests.class], file [F:\GitHub\SpringBootBlog\build\classes\main\com\blog\Application.class]]
17:47:30.027 [Test worker] DEBUG org.springframework.context.annotation.ClassPathScanningCandidateComponentProvider - Identified candidate component class: file [F:\GitHub\SpringBootBlog\build\classes\main\com\blog\Application.class]
17:47:30.027 [Test worker] INFO org.springframework.boot.test.context.SpringBootTestContextBootstrapper - Found @SpringBootConfiguration com.blog.Application for test class com.blog.controller.HelloControllerTest
17:47:30.029 [Test worker] DEBUG org.springframework.boot.test.context.SpringBootTestContextBootstrapper - @TestExecutionListeners is not present for class [com.blog.controller.HelloControllerTest]: using defaults.
17:47:30.045 [Test worker] INFO org.springframework.boot.test.context.SpringBootTestContextBootstrapper - Loaded default TestExecutionListener class names from location [META-INF/spring.factories]: [org.springframework.boot.test.mock.mockito.MockitoTestExecutionListener, org.springframework.boot.test.mock.mockito.ResetMocksTestExecutionListener, org.springframework.boot.test.autoconfigure.restdocs.RestDocsTestExecutionListener, org.springframework.boot.test.autoconfigure.web.client.MockRestServiceServerResetTestExecutionListener, org.springframework.boot.test.autoconfigure.web.servlet.MockMvcPrintOnlyOnFailureTestExecutionListener, org.springframework.boot.test.autoconfigure.web.servlet.WebDriverTestExecutionListener, org.springframework.test.context.web.ServletTestExecutionListener, org.springframework.test.context.support.DirtiesContextBeforeModesTestExecutionListener, org.springframework.test.context.support.DependencyInjectionTestExecutionListener, org.springframework.test.context.support.DirtiesContextTestExecutionListener, org.springframework.test.context.transaction.TransactionalTestExecutionListener, org.springframework.test.context.jdbc.SqlScriptsTestExecutionListener]
17:47:30.049 [Test worker] INFO org.springframework.boot.test.context.SpringBootTestContextBootstrapper - Using TestExecutionListeners: [org.springframework.test.context.web.ServletTestExecutionListener@72f2722, org.springframework.test.context.support.DirtiesContextBeforeModesTestExecutionListener@504b2605, org.springframework.boot.test.autoconfigure.SpringBootDependencyInjectionTestExecutionListener@520e2e0d, org.springframework.test.context.support.DirtiesContextTestExecutionListener@1219c6a9, org.springframework.test.context.transaction.TransactionalTestExecutionListener@6cf1e5ff, org.springframework.test.context.jdbc.SqlScriptsTestExecutionListener@65838d6a, org.springframework.boot.test.autoconfigure.web.servlet.WebDriverTestExecutionListener@46dea991, org.springframework.boot.test.autoconfigure.web.client.MockRestServiceServerResetTestExecutionListener@1a2e136d, org.springframework.boot.test.mock.mockito.ResetMocksTestExecutionListener@7993d3ca, org.springframework.boot.test.mock.mockito.MockitoTestExecutionListener@82e94f, org.springframework.boot.test.autoconfigure.restdocs.RestDocsTestExecutionListener@33234aef, org.springframework.boot.test.autoconfigure.web.servlet.MockMvcPrintOnlyOnFailureTestExecutionListener@59fc929d]
17:47:30.050 [Test worker] DEBUG org.springframework.test.annotation.ProfileValueUtils - Retrieved @ProfileValueSourceConfiguration [null] for test class [com.blog.controller.HelloControllerTest]
17:47:30.050 [Test worker] DEBUG org.springframework.test.annotation.ProfileValueUtils - Retrieved ProfileValueSource type [class org.springframework.test.annotation.SystemProfileValueSource] for class [com.blog.controller.HelloControllerTest]
]]></system-out>
  <system-err><![CDATA[]]></system-err>
</testsuite>
