<?xml version="1.0" encoding="UTF-8"?>
<testsuite name="com.blog.ApplicationTests" tests="0" skipped="0" failures="0" errors="0" timestamp="1970-01-01T00:00:00" hostname="Marlon-PC" time="0.0">
  <properties/>
  <system-out><![CDATA[17:47:29.703 [Test worker] DEBUG org.springframework.test.context.junit4.SpringJUnit4ClassRunner - SpringJUnit4ClassRunner constructor called with [class com.blog.ApplicationTests]
17:47:29.713 [Test worker] DEBUG org.springframework.test.context.BootstrapUtils - Instantiating CacheAwareContextLoaderDelegate from class [org.springframework.test.context.cache.DefaultCacheAwareContextLoaderDelegate]
17:47:29.727 [Test worker] DEBUG org.springframework.test.context.BootstrapUtils - Instantiating BootstrapContext using constructor [public org.springframework.test.context.support.DefaultBootstrapContext(java.lang.Class,org.springframework.test.context.CacheAwareContextLoaderDelegate)]
17:47:29.758 [Test worker] DEBUG org.springframework.test.context.BootstrapUtils - Instantiating TestContextBootstrapper for test class [com.blog.ApplicationTests] from class [org.springframework.boot.test.context.SpringBootTestContextBootstrapper]
17:47:29.776 [Test worker] INFO org.springframework.boot.test.context.SpringBootTestContextBootstrapper - Neither @ContextConfiguration nor @ContextHierarchy found for test class [com.blog.ApplicationTests], using SpringBootContextLoader
17:47:29.781 [Test worker] DEBUG org.springframework.test.context.support.AbstractContextLoader - Did not detect default resource location for test class [com.blog.ApplicationTests]: class path resource [com/blog/ApplicationTests-context.xml] does not exist
17:47:29.782 [Test worker] DEBUG org.springframework.test.context.support.AbstractContextLoader - Did not detect default resource location for test class [com.blog.ApplicationTests]: class path resource [com/blog/ApplicationTestsContext.groovy] does not exist
17:47:29.782 [Test worker] INFO org.springframework.test.context.support.AbstractContextLoader - Could not detect default resource locations for test class [com.blog.ApplicationTests]: no resource found for suffixes {-context.xml, Context.groovy}.
17:47:29.783 [Test worker] INFO org.springframework.test.context.support.AnnotationConfigContextLoaderUtils - Could not detect default configuration classes for test class [com.blog.ApplicationTests]: ApplicationTests does not declare any static, non-private, non-final, nested classes annotated with @Configuration.
17:47:29.849 [Test worker] DEBUG org.springframework.test.context.support.ActiveProfilesUtils - Could not find an 'annotation declaring class' for annotation type [org.springframework.test.context.ActiveProfiles] and class [com.blog.ApplicationTests]
17:47:29.865 [Test worker] DEBUG org.springframework.core.env.StandardEnvironment - Adding [systemProperties] PropertySource with lowest search precedence
17:47:29.866 [Test worker] DEBUG org.springframework.core.env.StandardEnvironment - Adding [systemEnvironment] PropertySource with lowest search precedence
17:47:29.866 [Test worker] DEBUG org.springframework.core.env.StandardEnvironment - Initialized StandardEnvironment with PropertySources [systemProperties,systemEnvironment]
17:47:29.879 [Test worker] DEBUG org.springframework.core.io.support.PathMatchingResourcePatternResolver - Resolved classpath location [com/blog/] to resources [URL [file:/F:/GitHub/SpringBootBlog/build/classes/test/com/blog/], URL [file:/F:/GitHub/SpringBootBlog/build/classes/main/com/blog/]]
17:47:29.880 [Test worker] DEBUG org.springframework.core.io.support.PathMatchingResourcePatternResolver - Looking for matching resources in directory tree [F:\GitHub\SpringBootBlog\build\classes\test\com\blog]
17:47:29.880 [Test worker] DEBUG org.springframework.core.io.support.PathMatchingResourcePatternResolver - Searching directory [F:\GitHub\SpringBootBlog\build\classes\test\com\blog] for files matching pattern [F:/GitHub/SpringBootBlog/build/classes/test/com/blog/*.class]
17:47:29.883 [Test worker] DEBUG org.springframework.core.io.support.PathMatchingResourcePatternResolver - Looking for matching resources in directory tree [F:\GitHub\SpringBootBlog\build\classes\main\com\blog]
17:47:29.884 [Test worker] DEBUG org.springframework.core.io.support.PathMatchingResourcePatternResolver - Searching directory [F:\GitHub\SpringBootBlog\build\classes\main\com\blog] for files matching pattern [F:/GitHub/SpringBootBlog/build/classes/main/com/blog/*.class]
17:47:29.885 [Test worker] DEBUG org.springframework.core.io.support.PathMatchingResourcePatternResolver - Resolved location pattern [classpath*:com/blog/*.class] to resources [file [F:\GitHub\SpringBootBlog\build\classes\test\com\blog\ApplicationTests.class], file [F:\GitHub\SpringBootBlog\build\classes\main\com\blog\Application.class]]
17:47:29.928 [Test worker] DEBUG org.springframework.context.annotation.ClassPathScanningCandidateComponentProvider - Identified candidate component class: file [F:\GitHub\SpringBootBlog\build\classes\main\com\blog\Application.class]
17:47:29.930 [Test worker] INFO org.springframework.boot.test.context.SpringBootTestContextBootstrapper - Found @SpringBootConfiguration com.blog.Application for test class com.blog.ApplicationTests
17:47:29.935 [Test worker] DEBUG org.springframework.boot.test.context.SpringBootTestContextBootstrapper - @TestExecutionListeners is not present for class [com.blog.ApplicationTests]: using defaults.
17:47:29.939 [Test worker] INFO org.springframework.boot.test.context.SpringBootTestContextBootstrapper - Loaded default TestExecutionListener class names from location [META-INF/spring.factories]: [org.springframework.boot.test.mock.mockito.MockitoTestExecutionListener, org.springframework.boot.test.mock.mockito.ResetMocksTestExecutionListener, org.springframework.boot.test.autoconfigure.restdocs.RestDocsTestExecutionListener, org.springframework.boot.test.autoconfigure.web.client.MockRestServiceServerResetTestExecutionListener, org.springframework.boot.test.autoconfigure.web.servlet.MockMvcPrintOnlyOnFailureTestExecutionListener, org.springframework.boot.test.autoconfigure.web.servlet.WebDriverTestExecutionListener, org.springframework.test.context.web.ServletTestExecutionListener, org.springframework.test.context.support.DirtiesContextBeforeModesTestExecutionListener, org.springframework.test.context.support.DependencyInjectionTestExecutionListener, org.springframework.test.context.support.DirtiesContextTestExecutionListener, org.springframework.test.context.transaction.TransactionalTestExecutionListener, org.springframework.test.context.jdbc.SqlScriptsTestExecutionListener]
17:47:29.962 [Test worker] INFO org.springframework.boot.test.context.SpringBootTestContextBootstrapper - Using TestExecutionListeners: [org.springframework.test.context.web.ServletTestExecutionListener@92ebe83, org.springframework.test.context.support.DirtiesContextBeforeModesTestExecutionListener@6da1dac5, org.springframework.boot.test.autoconfigure.SpringBootDependencyInjectionTestExecutionListener@6532469e, org.springframework.test.context.support.DirtiesContextTestExecutionListener@5df092f8, org.springframework.test.context.transaction.TransactionalTestExecutionListener@2156f563, org.springframework.test.context.jdbc.SqlScriptsTestExecutionListener@42c2647e, org.springframework.boot.test.autoconfigure.web.servlet.WebDriverTestExecutionListener@3533dc0e, org.springframework.boot.test.autoconfigure.web.client.MockRestServiceServerResetTestExecutionListener@6c0dff02, org.springframework.boot.test.mock.mockito.ResetMocksTestExecutionListener@7ae6f20d, org.springframework.boot.test.mock.mockito.MockitoTestExecutionListener@2b5698bb, org.springframework.boot.test.autoconfigure.restdocs.RestDocsTestExecutionListener@aef273, org.springframework.boot.test.autoconfigure.web.servlet.MockMvcPrintOnlyOnFailureTestExecutionListener@3d8f88b]
17:47:29.973 [Test worker] DEBUG org.springframework.test.annotation.ProfileValueUtils - Retrieved @ProfileValueSourceConfiguration [null] for test class [com.blog.ApplicationTests]
17:47:29.973 [Test worker] DEBUG org.springframework.test.annotation.ProfileValueUtils - Retrieved ProfileValueSource type [class org.springframework.test.annotation.SystemProfileValueSource] for class [com.blog.ApplicationTests]
]]></system-out>
  <system-err><![CDATA[]]></system-err>
</testsuite>
