<?xml version="1.0" encoding="UTF-8"?>
<testsuite name="com.blog.repository.es.EsBlogRepositoryTest" tests="1" skipped="0" failures="0" errors="0" timestamp="2018-03-22T09:47:41" hostname="Marlon-PC" time="0.1">
  <properties/>
  <testcase name="findDistinctEsBlogByTitleContainingOrSummaryContainingOrContentContaining" classname="com.blog.repository.es.EsBlogRepositoryTest" time="0.1"/>
  <system-out><![CDATA[17:47:30.058 [Test worker] DEBUG org.springframework.test.context.junit4.SpringJUnit4ClassRunner - SpringJUnit4ClassRunner constructor called with [class com.blog.repository.es.EsBlogRepositoryTest]
17:47:30.058 [Test worker] DEBUG org.springframework.test.context.BootstrapUtils - Instantiating CacheAwareContextLoaderDelegate from class [org.springframework.test.context.cache.DefaultCacheAwareContextLoaderDelegate]
17:47:30.058 [Test worker] DEBUG org.springframework.test.context.BootstrapUtils - Instantiating BootstrapContext using constructor [public org.springframework.test.context.support.DefaultBootstrapContext(java.lang.Class,org.springframework.test.context.CacheAwareContextLoaderDelegate)]
17:47:30.059 [Test worker] DEBUG org.springframework.test.context.BootstrapUtils - Instantiating TestContextBootstrapper for test class [com.blog.repository.es.EsBlogRepositoryTest] from class [org.springframework.boot.test.context.SpringBootTestContextBootstrapper]
17:47:30.061 [Test worker] INFO org.springframework.boot.test.context.SpringBootTestContextBootstrapper - Neither @ContextConfiguration nor @ContextHierarchy found for test class [com.blog.repository.es.EsBlogRepositoryTest], using SpringBootContextLoader
17:47:30.062 [Test worker] DEBUG org.springframework.test.context.support.AbstractContextLoader - Did not detect default resource location for test class [com.blog.repository.es.EsBlogRepositoryTest]: class path resource [com/blog/repository/es/EsBlogRepositoryTest-context.xml] does not exist
17:47:30.062 [Test worker] DEBUG org.springframework.test.context.support.AbstractContextLoader - Did not detect default resource location for test class [com.blog.repository.es.EsBlogRepositoryTest]: class path resource [com/blog/repository/es/EsBlogRepositoryTestContext.groovy] does not exist
17:47:30.063 [Test worker] INFO org.springframework.test.context.support.AbstractContextLoader - Could not detect default resource locations for test class [com.blog.repository.es.EsBlogRepositoryTest]: no resource found for suffixes {-context.xml, Context.groovy}.
17:47:30.064 [Test worker] INFO org.springframework.test.context.support.AnnotationConfigContextLoaderUtils - Could not detect default configuration classes for test class [com.blog.repository.es.EsBlogRepositoryTest]: EsBlogRepositoryTest does not declare any static, non-private, non-final, nested classes annotated with @Configuration.
17:47:30.068 [Test worker] DEBUG org.springframework.test.context.support.ActiveProfilesUtils - Could not find an 'annotation declaring class' for annotation type [org.springframework.test.context.ActiveProfiles] and class [com.blog.repository.es.EsBlogRepositoryTest]
17:47:30.068 [Test worker] DEBUG org.springframework.core.env.StandardEnvironment - Adding [systemProperties] PropertySource with lowest search precedence
17:47:30.068 [Test worker] DEBUG org.springframework.core.env.StandardEnvironment - Adding [systemEnvironment] PropertySource with lowest search precedence
17:47:30.069 [Test worker] DEBUG org.springframework.core.env.StandardEnvironment - Initialized StandardEnvironment with PropertySources [systemProperties,systemEnvironment]
17:47:30.071 [Test worker] DEBUG org.springframework.core.io.support.PathMatchingResourcePatternResolver - Resolved classpath location [com/blog/repository/es/] to resources [URL [file:/F:/GitHub/SpringBootBlog/build/classes/test/com/blog/repository/es/], URL [file:/F:/GitHub/SpringBootBlog/build/classes/main/com/blog/repository/es/]]
17:47:30.071 [Test worker] DEBUG org.springframework.core.io.support.PathMatchingResourcePatternResolver - Looking for matching resources in directory tree [F:\GitHub\SpringBootBlog\build\classes\test\com\blog\repository\es]
17:47:30.071 [Test worker] DEBUG org.springframework.core.io.support.PathMatchingResourcePatternResolver - Searching directory [F:\GitHub\SpringBootBlog\build\classes\test\com\blog\repository\es] for files matching pattern [F:/GitHub/SpringBootBlog/build/classes/test/com/blog/repository/es/*.class]
17:47:30.072 [Test worker] DEBUG org.springframework.core.io.support.PathMatchingResourcePatternResolver - Looking for matching resources in directory tree [F:\GitHub\SpringBootBlog\build\classes\main\com\blog\repository\es]
17:47:30.072 [Test worker] DEBUG org.springframework.core.io.support.PathMatchingResourcePatternResolver - Searching directory [F:\GitHub\SpringBootBlog\build\classes\main\com\blog\repository\es] for files matching pattern [F:/GitHub/SpringBootBlog/build/classes/main/com/blog/repository/es/*.class]
17:47:30.073 [Test worker] DEBUG org.springframework.core.io.support.PathMatchingResourcePatternResolver - Resolved location pattern [classpath*:com/blog/repository/es/*.class] to resources [file [F:\GitHub\SpringBootBlog\build\classes\test\com\blog\repository\es\EsBlogRepositoryTest.class], file [F:\GitHub\SpringBootBlog\build\classes\main\com\blog\repository\es\EsBlogRepository.class]]
17:47:30.075 [Test worker] DEBUG org.springframework.core.io.support.PathMatchingResourcePatternResolver - Resolved classpath location [com/blog/repository/] to resources [URL [file:/F:/GitHub/SpringBootBlog/build/classes/test/com/blog/repository/], URL [file:/F:/GitHub/SpringBootBlog/build/classes/main/com/blog/repository/]]
17:47:30.077 [Test worker] DEBUG org.springframework.core.io.support.PathMatchingResourcePatternResolver - Looking for matching resources in directory tree [F:\GitHub\SpringBootBlog\build\classes\test\com\blog\repository]
17:47:30.078 [Test worker] DEBUG org.springframework.core.io.support.PathMatchingResourcePatternResolver - Searching directory [F:\GitHub\SpringBootBlog\build\classes\test\com\blog\repository] for files matching pattern [F:/GitHub/SpringBootBlog/build/classes/test/com/blog/repository/*.class]
17:47:30.080 [Test worker] DEBUG org.springframework.core.io.support.PathMatchingResourcePatternResolver - Looking for matching resources in directory tree [F:\GitHub\SpringBootBlog\build\classes\main\com\blog\repository]
17:47:30.080 [Test worker] DEBUG org.springframework.core.io.support.PathMatchingResourcePatternResolver - Searching directory [F:\GitHub\SpringBootBlog\build\classes\main\com\blog\repository] for files matching pattern [F:/GitHub/SpringBootBlog/build/classes/main/com/blog/repository/*.class]
17:47:30.081 [Test worker] DEBUG org.springframework.core.io.support.PathMatchingResourcePatternResolver - Resolved location pattern [classpath*:com/blog/repository/*.class] to resources [file [F:\GitHub\SpringBootBlog\build\classes\main\com\blog\repository\AuthorityRepository.class], file [F:\GitHub\SpringBootBlog\build\classes\main\com\blog\repository\BlogRepository.class], file [F:\GitHub\SpringBootBlog\build\classes\main\com\blog\repository\CatalogRepository.class], file [F:\GitHub\SpringBootBlog\build\classes\main\com\blog\repository\CommentRepository.class], file [F:\GitHub\SpringBootBlog\build\classes\main\com\blog\repository\UserRepository.class], file [F:\GitHub\SpringBootBlog\build\classes\main\com\blog\repository\VoteRepository.class]]
17:47:30.084 [Test worker] DEBUG org.springframework.core.io.support.PathMatchingResourcePatternResolver - Resolved classpath location [com/blog/] to resources [URL [file:/F:/GitHub/SpringBootBlog/build/classes/test/com/blog/], URL [file:/F:/GitHub/SpringBootBlog/build/classes/main/com/blog/]]
17:47:30.084 [Test worker] DEBUG org.springframework.core.io.support.PathMatchingResourcePatternResolver - Looking for matching resources in directory tree [F:\GitHub\SpringBootBlog\build\classes\test\com\blog]
17:47:30.085 [Test worker] DEBUG org.springframework.core.io.support.PathMatchingResourcePatternResolver - Searching directory [F:\GitHub\SpringBootBlog\build\classes\test\com\blog] for files matching pattern [F:/GitHub/SpringBootBlog/build/classes/test/com/blog/*.class]
17:47:30.085 [Test worker] DEBUG org.springframework.core.io.support.PathMatchingResourcePatternResolver - Looking for matching resources in directory tree [F:\GitHub\SpringBootBlog\build\classes\main\com\blog]
17:47:30.086 [Test worker] DEBUG org.springframework.core.io.support.PathMatchingResourcePatternResolver - Searching directory [F:\GitHub\SpringBootBlog\build\classes\main\com\blog] for files matching pattern [F:/GitHub/SpringBootBlog/build/classes/main/com/blog/*.class]
17:47:30.088 [Test worker] DEBUG org.springframework.core.io.support.PathMatchingResourcePatternResolver - Resolved location pattern [classpath*:com/blog/*.class] to resources [file [F:\GitHub\SpringBootBlog\build\classes\test\com\blog\ApplicationTests.class], file [F:\GitHub\SpringBootBlog\build\classes\main\com\blog\Application.class]]
17:47:30.090 [Test worker] DEBUG org.springframework.context.annotation.ClassPathScanningCandidateComponentProvider - Identified candidate component class: file [F:\GitHub\SpringBootBlog\build\classes\main\com\blog\Application.class]
17:47:30.091 [Test worker] INFO org.springframework.boot.test.context.SpringBootTestContextBootstrapper - Found @SpringBootConfiguration com.blog.Application for test class com.blog.repository.es.EsBlogRepositoryTest
17:47:30.093 [Test worker] DEBUG org.springframework.boot.test.context.SpringBootTestContextBootstrapper - @TestExecutionListeners is not present for class [com.blog.repository.es.EsBlogRepositoryTest]: using defaults.
17:47:30.097 [Test worker] INFO org.springframework.boot.test.context.SpringBootTestContextBootstrapper - Loaded default TestExecutionListener class names from location [META-INF/spring.factories]: [org.springframework.boot.test.mock.mockito.MockitoTestExecutionListener, org.springframework.boot.test.mock.mockito.ResetMocksTestExecutionListener, org.springframework.boot.test.autoconfigure.restdocs.RestDocsTestExecutionListener, org.springframework.boot.test.autoconfigure.web.client.MockRestServiceServerResetTestExecutionListener, org.springframework.boot.test.autoconfigure.web.servlet.MockMvcPrintOnlyOnFailureTestExecutionListener, org.springframework.boot.test.autoconfigure.web.servlet.WebDriverTestExecutionListener, org.springframework.test.context.web.ServletTestExecutionListener, org.springframework.test.context.support.DirtiesContextBeforeModesTestExecutionListener, org.springframework.test.context.support.DependencyInjectionTestExecutionListener, org.springframework.test.context.support.DirtiesContextTestExecutionListener, org.springframework.test.context.transaction.TransactionalTestExecutionListener, org.springframework.test.context.jdbc.SqlScriptsTestExecutionListener]
17:47:30.100 [Test worker] INFO org.springframework.boot.test.context.SpringBootTestContextBootstrapper - Using TestExecutionListeners: [org.springframework.test.context.web.ServletTestExecutionListener@29449c45, org.springframework.test.context.support.DirtiesContextBeforeModesTestExecutionListener@3b23ce1b, org.springframework.boot.test.autoconfigure.SpringBootDependencyInjectionTestExecutionListener@1e6c2336, org.springframework.test.context.support.DirtiesContextTestExecutionListener@44bf68b0, org.springframework.test.context.transaction.TransactionalTestExecutionListener@491462d6, org.springframework.test.context.jdbc.SqlScriptsTestExecutionListener@6c623ef9, org.springframework.boot.test.autoconfigure.web.servlet.WebDriverTestExecutionListener@13e8c5d0, org.springframework.boot.test.autoconfigure.web.client.MockRestServiceServerResetTestExecutionListener@2c2dd5f5, org.springframework.boot.test.mock.mockito.ResetMocksTestExecutionListener@46450074, org.springframework.boot.test.mock.mockito.MockitoTestExecutionListener@3b2d6bb3, org.springframework.boot.test.autoconfigure.restdocs.RestDocsTestExecutionListener@6ebeff43, org.springframework.boot.test.autoconfigure.web.servlet.MockMvcPrintOnlyOnFailureTestExecutionListener@2c7e1d1c]
17:47:30.101 [Test worker] DEBUG org.springframework.test.annotation.ProfileValueUtils - Retrieved @ProfileValueSourceConfiguration [null] for test class [com.blog.repository.es.EsBlogRepositoryTest]
17:47:30.105 [Test worker] DEBUG org.springframework.test.annotation.ProfileValueUtils - Retrieved ProfileValueSource type [class org.springframework.test.annotation.SystemProfileValueSource] for class [com.blog.repository.es.EsBlogRepositoryTest]
17:47:30.110 [Test worker] DEBUG org.springframework.test.annotation.ProfileValueUtils - Retrieved @ProfileValueSourceConfiguration [null] for test class [com.blog.repository.es.EsBlogRepositoryTest]
17:47:30.111 [Test worker] DEBUG org.springframework.test.annotation.ProfileValueUtils - Retrieved ProfileValueSource type [class org.springframework.test.annotation.SystemProfileValueSource] for class [com.blog.repository.es.EsBlogRepositoryTest]
17:47:30.112 [Test worker] DEBUG org.springframework.test.annotation.ProfileValueUtils - Retrieved @ProfileValueSourceConfiguration [null] for test class [com.blog.repository.es.EsBlogRepositoryTest]
17:47:30.113 [Test worker] DEBUG org.springframework.test.annotation.ProfileValueUtils - Retrieved ProfileValueSource type [class org.springframework.test.annotation.SystemProfileValueSource] for class [com.blog.repository.es.EsBlogRepositoryTest]
17:47:30.119 [Test worker] DEBUG org.springframework.test.context.support.AbstractDirtiesContextTestExecutionListener - Before test class: context [DefaultTestContext@2cdf1b14 testClass = EsBlogRepositoryTest, testInstance = [null], testMethod = [null], testException = [null], mergedContextConfiguration = [WebMergedContextConfiguration@6a8954d6 testClass = EsBlogRepositoryTest, locations = '{}', classes = '{class com.blog.Application}', contextInitializerClasses = '[]', activeProfiles = '{}', propertySourceLocations = '{}', propertySourceProperties = '{org.springframework.boot.test.context.SpringBootTestContextBootstrapper=true}', contextCustomizers = set[org.springframework.boot.test.context.SpringBootTestContextCustomizer@7a89b776, org.springframework.boot.test.context.filter.ExcludeFilterContextCustomizer@7e73f4bc, org.springframework.boot.test.mock.mockito.MockitoContextCustomizer@0, org.springframework.boot.test.autoconfigure.properties.PropertyMappingContextCustomizer@0, org.springframework.boot.test.autoconfigure.web.servlet.WebDriverContextCustomizerFactory$Customizer@741478b1], resourceBasePath = 'src/main/webapp', contextLoader = 'org.springframework.boot.test.context.SpringBootContextLoader', parent = [null]]], class annotated with @DirtiesContext [false] with mode [null].
17:47:30.120 [Test worker] DEBUG org.springframework.test.annotation.ProfileValueUtils - Retrieved @ProfileValueSourceConfiguration [null] for test class [com.blog.repository.es.EsBlogRepositoryTest]
17:47:30.120 [Test worker] DEBUG org.springframework.test.annotation.ProfileValueUtils - Retrieved ProfileValueSource type [class org.springframework.test.annotation.SystemProfileValueSource] for class [com.blog.repository.es.EsBlogRepositoryTest]
17:47:30.206 [Test worker] DEBUG org.springframework.core.env.StandardEnvironment - Adding [systemProperties] PropertySource with lowest search precedence
17:47:30.206 [Test worker] DEBUG org.springframework.core.env.StandardEnvironment - Adding [systemEnvironment] PropertySource with lowest search precedence
17:47:30.207 [Test worker] DEBUG org.springframework.core.env.StandardEnvironment - Initialized StandardEnvironment with PropertySources [systemProperties,systemEnvironment]
17:47:30.210 [Test worker] DEBUG org.springframework.core.env.MutablePropertySources - Adding [inline] PropertySource with highest search precedence
17:47:30.216 [Test worker] DEBUG org.springframework.test.context.support.TestPropertySourceUtils - Adding inlined properties to environment: {spring.jmx.enabled=false, org.springframework.boot.test.context.SpringBootTestContextBootstrapper=true, server.port=-1}
17:47:30.217 [Test worker] DEBUG org.springframework.core.env.StandardEnvironment - Adding [Inlined Test Properties] PropertySource with highest search precedence

  .   ____          _            __ _ _
 /\\ / ___'_ __ _ _(_)_ __  __ _ \ \ \ \
( ( )\___ | '_ | '_| | '_ \/ _` | \ \ \ \
 \\/  ___)| |_)| | | | | || (_| |  ) ) ) )
  '  |____| .__|_| |_|_| |_\__, | / / / /
 =========|_|==============|___/=/_/_/_/
 :: Spring Boot ::        (v1.5.2.RELEASE)

2018-03-22 17:47:30.519  INFO 10712 --- [    Test worker] c.b.repository.es.EsBlogRepositoryTest   : Starting EsBlogRepositoryTest on Marlon-PC with PID 10712 (started by Jin in F:\GitHub\SpringBootBlog)
2018-03-22 17:47:30.520  INFO 10712 --- [    Test worker] c.b.repository.es.EsBlogRepositoryTest   : No active profile set, falling back to default profiles: default
2018-03-22 17:47:30.884  INFO 10712 --- [    Test worker] o.s.w.c.s.GenericWebApplicationContext   : Refreshing org.springframework.web.context.support.GenericWebApplicationContext@8f69da8: startup date [Thu Mar 22 17:47:30 CST 2018]; root of context hierarchy
2018-03-22 17:47:31.944  INFO 10712 --- [    Test worker] .s.d.r.c.RepositoryConfigurationDelegate : Multiple Spring Data modules found, entering strict repository configuration mode!
2018-03-22 17:47:32.005  INFO 10712 --- [    Test worker] .RepositoryConfigurationExtensionSupport : Spring Data Elasticsearch - Could not safely identify store assignment for repository candidate interface com.blog.repository.CommentRepository.
2018-03-22 17:47:32.010  INFO 10712 --- [    Test worker] .RepositoryConfigurationExtensionSupport : Spring Data Elasticsearch - Could not safely identify store assignment for repository candidate interface com.blog.repository.UserRepository.
2018-03-22 17:47:32.012  INFO 10712 --- [    Test worker] .RepositoryConfigurationExtensionSupport : Spring Data Elasticsearch - Could not safely identify store assignment for repository candidate interface com.blog.repository.VoteRepository.
2018-03-22 17:47:32.013  INFO 10712 --- [    Test worker] .RepositoryConfigurationExtensionSupport : Spring Data Elasticsearch - Could not safely identify store assignment for repository candidate interface com.blog.repository.CatalogRepository.
2018-03-22 17:47:32.016  INFO 10712 --- [    Test worker] .RepositoryConfigurationExtensionSupport : Spring Data Elasticsearch - Could not safely identify store assignment for repository candidate interface com.blog.repository.AuthorityRepository.
2018-03-22 17:47:32.018  INFO 10712 --- [    Test worker] .RepositoryConfigurationExtensionSupport : Spring Data Elasticsearch - Could not safely identify store assignment for repository candidate interface com.blog.repository.BlogRepository.
2018-03-22 17:47:32.041  INFO 10712 --- [    Test worker] .s.d.r.c.RepositoryConfigurationDelegate : Multiple Spring Data modules found, entering strict repository configuration mode!
2018-03-22 17:47:32.078  INFO 10712 --- [    Test worker] .RepositoryConfigurationExtensionSupport : Spring Data JPA - Could not safely identify store assignment for repository candidate interface com.blog.repository.es.EsBlogRepository.
2018-03-22 17:47:32.770  INFO 10712 --- [    Test worker] trationDelegate$BeanPostProcessorChecker : Bean 'org.springframework.transaction.annotation.ProxyTransactionManagementConfiguration' of type [org.springframework.transaction.annotation.ProxyTransactionManagementConfiguration$$EnhancerBySpringCGLIB$$2a0150c1] is not eligible for getting processed by all BeanPostProcessors (for example: not eligible for auto-proxying)
2018-03-22 17:47:32.831  INFO 10712 --- [    Test worker] trationDelegate$BeanPostProcessorChecker : Bean 'org.springframework.security.config.annotation.configuration.ObjectPostProcessorConfiguration' of type [org.springframework.security.config.annotation.configuration.ObjectPostProcessorConfiguration$$EnhancerBySpringCGLIB$$c2af18fb] is not eligible for getting processed by all BeanPostProcessors (for example: not eligible for auto-proxying)
2018-03-22 17:47:32.840  INFO 10712 --- [    Test worker] trationDelegate$BeanPostProcessorChecker : Bean 'objectPostProcessor' of type [org.springframework.security.config.annotation.configuration.AutowireBeanFactoryObjectPostProcessor] is not eligible for getting processed by all BeanPostProcessors (for example: not eligible for auto-proxying)
2018-03-22 17:47:32.843  INFO 10712 --- [    Test worker] trationDelegate$BeanPostProcessorChecker : Bean 'org.springframework.security.access.expression.method.DefaultMethodSecurityExpressionHandler@17d6919b' of type [org.springframework.security.access.expression.method.DefaultMethodSecurityExpressionHandler] is not eligible for getting processed by all BeanPostProcessors (for example: not eligible for auto-proxying)
2018-03-22 17:47:32.848  INFO 10712 --- [    Test worker] trationDelegate$BeanPostProcessorChecker : Bean 'org.springframework.security.config.annotation.method.configuration.GlobalMethodSecurityConfiguration' of type [org.springframework.security.config.annotation.method.configuration.GlobalMethodSecurityConfiguration$$EnhancerBySpringCGLIB$$e783bbad] is not eligible for getting processed by all BeanPostProcessors (for example: not eligible for auto-proxying)
2018-03-22 17:47:32.859  INFO 10712 --- [    Test worker] trationDelegate$BeanPostProcessorChecker : Bean 'methodSecurityMetadataSource' of type [org.springframework.security.access.method.DelegatingMethodSecurityMetadataSource] is not eligible for getting processed by all BeanPostProcessors (for example: not eligible for auto-proxying)
2018-03-22 17:47:33.548  INFO 10712 --- [    Test worker] j.LocalContainerEntityManagerFactoryBean : Building JPA container EntityManagerFactory for persistence unit 'default'
2018-03-22 17:47:33.569  INFO 10712 --- [    Test worker] o.hibernate.jpa.internal.util.LogHelper  : HHH000204: Processing PersistenceUnitInfo [
	name: default
	...]
2018-03-22 17:47:33.671  INFO 10712 --- [    Test worker] org.hibernate.Version                    : HHH000412: Hibernate Core {5.2.8.Final}
2018-03-22 17:47:33.674  INFO 10712 --- [    Test worker] org.hibernate.cfg.Environment            : HHH000206: hibernate.properties not found
2018-03-22 17:47:33.724  INFO 10712 --- [    Test worker] o.hibernate.annotations.common.Version   : HCANN000001: Hibernate Commons Annotations {5.0.1.Final}
2018-03-22 17:47:33.880  INFO 10712 --- [    Test worker] org.hibernate.dialect.Dialect            : HHH000400: Using dialect: org.hibernate.dialect.MySQL5Dialect
2018-03-22 17:47:34.732  INFO 10712 --- [    Test worker] j.LocalContainerEntityManagerFactoryBean : Initialized JPA EntityManagerFactory for persistence unit 'default'
2018-03-22 17:47:36.447  INFO 10712 --- [    Test worker] org.elasticsearch.plugins                : [Rintrah] modules [], plugins [], sites []
2018-03-22 17:47:37.698  INFO 10712 --- [    Test worker] o.s.d.e.c.TransportClientFactoryBean     : adding transport node : localhost:9300
2018-03-22 17:47:38.505 ERROR 10712 --- [    Test worker] .d.e.r.s.AbstractElasticsearchRepository : failed to load elasticsearch nodes : org.elasticsearch.index.mapper.MapperParsingException: No type specified for field [blogId]
2018-03-22 17:47:39.290  INFO 10712 --- [    Test worker] o.s.s.web.DefaultSecurityFilterChain     : Creating filter chain: org.springframework.security.web.util.matcher.AnyRequestMatcher@1, [org.springframework.security.web.context.request.async.WebAsyncManagerIntegrationFilter@336a19f8, org.springframework.security.web.context.SecurityContextPersistenceFilter@339855b3, org.springframework.security.web.header.HeaderWriterFilter@1dfea1ef, org.springframework.security.web.csrf.CsrfFilter@46b8cc4b, org.springframework.security.web.authentication.logout.LogoutFilter@7d5fe12c, org.springframework.security.web.authentication.UsernamePasswordAuthenticationFilter@4fe1182a, org.springframework.security.web.savedrequest.RequestCacheAwareFilter@53185687, org.springframework.security.web.servletapi.SecurityContextHolderAwareRequestFilter@2eccf734, org.springframework.security.web.authentication.rememberme.RememberMeAuthenticationFilter@4bee8ce2, org.springframework.security.web.authentication.AnonymousAuthenticationFilter@708ebaf9, org.springframework.security.web.session.SessionManagementFilter@45f82c8a, org.springframework.security.web.access.ExceptionTranslationFilter@77dcda7e, org.springframework.security.web.access.intercept.FilterSecurityInterceptor@63e5f203]
2018-03-22 17:47:39.866  INFO 10712 --- [    Test worker] s.w.s.m.m.a.RequestMappingHandlerAdapter : Looking for @ControllerAdvice: org.springframework.web.context.support.GenericWebApplicationContext@8f69da8: startup date [Thu Mar 22 17:47:30 CST 2018]; root of context hierarchy
2018-03-22 17:47:40.023  INFO 10712 --- [    Test worker] s.w.s.m.m.a.RequestMappingHandlerMapping : Mapped "{[/admins],methods=[GET]}" onto public org.springframework.web.servlet.ModelAndView com.blog.controlller.AdminController.listUsers(org.springframework.ui.Model)
2018-03-22 17:47:40.028  INFO 10712 --- [    Test worker] s.w.s.m.m.a.RequestMappingHandlerMapping : Mapped "{[/blogs],methods=[GET]}" onto public java.lang.String com.blog.controlller.BlogController.listEsBlogs(java.lang.String,java.lang.String,boolean,int,int,org.springframework.ui.Model)
2018-03-22 17:47:40.036  INFO 10712 --- [    Test worker] s.w.s.m.m.a.RequestMappingHandlerMapping : Mapped "{[/catalogs/{id}],methods=[DELETE]}" onto public org.springframework.http.ResponseEntity<com.blog.vo.Response> com.blog.controlller.CatalogController.delete(java.lang.String,java.lang.Long)
2018-03-22 17:47:40.037  INFO 10712 --- [    Test worker] s.w.s.m.m.a.RequestMappingHandlerMapping : Mapped "{[/catalogs],methods=[POST]}" onto public org.springframework.http.ResponseEntity<com.blog.vo.Response> com.blog.controlller.CatalogController.create(com.blog.vo.CatalogVO)
2018-03-22 17:47:40.038  INFO 10712 --- [    Test worker] s.w.s.m.m.a.RequestMappingHandlerMapping : Mapped "{[/catalogs/edit],methods=[GET]}" onto public java.lang.String com.blog.controlller.CatalogController.getCatalogEdit(org.springframework.ui.Model)
2018-03-22 17:47:40.038  INFO 10712 --- [    Test worker] s.w.s.m.m.a.RequestMappingHandlerMapping : Mapped "{[/catalogs/edit/{id}],methods=[GET]}" onto public java.lang.String com.blog.controlller.CatalogController.getCatalogById(java.lang.Long,org.springframework.ui.Model)
2018-03-22 17:47:40.040  INFO 10712 --- [    Test worker] s.w.s.m.m.a.RequestMappingHandlerMapping : Mapped "{[/catalogs],methods=[GET]}" onto public java.lang.String com.blog.controlller.CatalogController.listComments(java.lang.String,org.springframework.ui.Model)
2018-03-22 17:47:40.042  INFO 10712 --- [    Test worker] s.w.s.m.m.a.RequestMappingHandlerMapping : Mapped "{[/comments/{id}],methods=[DELETE]}" onto public org.springframework.http.ResponseEntity<com.blog.vo.Response> com.blog.controlller.CommentController.delete(java.lang.Long,java.lang.Long)
2018-03-22 17:47:40.042  INFO 10712 --- [    Test worker] s.w.s.m.m.a.RequestMappingHandlerMapping : Mapped "{[/comments],methods=[POST]}" onto public org.springframework.http.ResponseEntity<com.blog.vo.Response> com.blog.controlller.CommentController.createComment(java.lang.Long,java.lang.String)
2018-03-22 17:47:40.043  INFO 10712 --- [    Test worker] s.w.s.m.m.a.RequestMappingHandlerMapping : Mapped "{[/comments],methods=[GET]}" onto public java.lang.String com.blog.controlller.CommentController.listComments(java.lang.Long,org.springframework.ui.Model)
2018-03-22 17:47:40.045  INFO 10712 --- [    Test worker] s.w.s.m.m.a.RequestMappingHandlerMapping : Mapped "{[/hello]}" onto public java.lang.String com.blog.controlller.HelloController.hello()
2018-03-22 17:47:40.052  INFO 10712 --- [    Test worker] s.w.s.m.m.a.RequestMappingHandlerMapping : Mapped "{[/index],methods=[GET]}" onto public java.lang.String com.blog.controlller.MainController.index()
2018-03-22 17:47:40.054  INFO 10712 --- [    Test worker] s.w.s.m.m.a.RequestMappingHandlerMapping : Mapped "{[/register],methods=[GET]}" onto public java.lang.String com.blog.controlller.MainController.register()
2018-03-22 17:47:40.057  INFO 10712 --- [    Test worker] s.w.s.m.m.a.RequestMappingHandlerMapping : Mapped "{[/],methods=[GET]}" onto public java.lang.String com.blog.controlller.MainController.root()
2018-03-22 17:47:40.075  INFO 10712 --- [    Test worker] s.w.s.m.m.a.RequestMappingHandlerMapping : Mapped "{[/login],methods=[GET]}" onto public java.lang.String com.blog.controlller.MainController.login()
2018-03-22 17:47:40.081  INFO 10712 --- [    Test worker] s.w.s.m.m.a.RequestMappingHandlerMapping : Mapped "{[/register],methods=[POST]}" onto public java.lang.String com.blog.controlller.MainController.registerUser(com.blog.domain.User)
2018-03-22 17:47:40.082  INFO 10712 --- [    Test worker] s.w.s.m.m.a.RequestMappingHandlerMapping : Mapped "{[/login-error],methods=[GET]}" onto public java.lang.String com.blog.controlller.MainController.loginError(org.springframework.ui.Model)
2018-03-22 17:47:40.087  INFO 10712 --- [    Test worker] s.w.s.m.m.a.RequestMappingHandlerMapping : Mapped "{[/users/{id}],methods=[DELETE]}" onto public org.springframework.http.ResponseEntity<com.blog.vo.Response> com.blog.controlller.UserController.delete(java.lang.Long,org.springframework.ui.Model)
2018-03-22 17:47:40.088  INFO 10712 --- [    Test worker] s.w.s.m.m.a.RequestMappingHandlerMapping : Mapped "{[/users],methods=[GET]}" onto public org.springframework.web.servlet.ModelAndView com.blog.controlller.UserController.list(boolean,int,int,java.lang.String,org.springframework.ui.Model)
2018-03-22 17:47:40.088  INFO 10712 --- [    Test worker] s.w.s.m.m.a.RequestMappingHandlerMapping : Mapped "{[/users],methods=[POST]}" onto public org.springframework.http.ResponseEntity<com.blog.vo.Response> com.blog.controlller.UserController.saveOrUpateUser(com.blog.domain.User,java.lang.Long)
2018-03-22 17:47:40.093  INFO 10712 --- [    Test worker] s.w.s.m.m.a.RequestMappingHandlerMapping : Mapped "{[/users/edit/{id}],methods=[GET]}" onto public org.springframework.web.servlet.ModelAndView com.blog.controlller.UserController.modifyForm(java.lang.Long,org.springframework.ui.Model)
2018-03-22 17:47:40.098  INFO 10712 --- [    Test worker] s.w.s.m.m.a.RequestMappingHandlerMapping : Mapped "{[/users/add],methods=[GET]}" onto public org.springframework.web.servlet.ModelAndView com.blog.controlller.UserController.createForm(org.springframework.ui.Model)
2018-03-22 17:47:40.107  INFO 10712 --- [    Test worker] s.w.s.m.m.a.RequestMappingHandlerMapping : Mapped "{[/u/{username}/profile],methods=[GET]}" onto public org.springframework.web.servlet.ModelAndView com.blog.controlller.UserspaceController.profile(java.lang.String,org.springframework.ui.Model)
2018-03-22 17:47:40.107  INFO 10712 --- [    Test worker] s.w.s.m.m.a.RequestMappingHandlerMapping : Mapped "{[/u/{username}/blogs/{id}],methods=[GET]}" onto public java.lang.String com.blog.controlller.UserspaceController.getBlogById(java.lang.String,java.lang.Long,org.springframework.ui.Model)
2018-03-22 17:47:40.108  INFO 10712 --- [    Test worker] s.w.s.m.m.a.RequestMappingHandlerMapping : Mapped "{[/u/{username}/blogs/edit],methods=[POST]}" onto public org.springframework.http.ResponseEntity<com.blog.vo.Response> com.blog.controlller.UserspaceController.saveBlog(java.lang.String,com.blog.domain.Blog)
2018-03-22 17:47:40.108  INFO 10712 --- [    Test worker] s.w.s.m.m.a.RequestMappingHandlerMapping : Mapped "{[/u/{username}/profile],methods=[POST]}" onto public java.lang.String com.blog.controlller.UserspaceController.saveProfile(java.lang.String,com.blog.domain.User)
2018-03-22 17:47:40.108  INFO 10712 --- [    Test worker] s.w.s.m.m.a.RequestMappingHandlerMapping : Mapped "{[/u/{username}],methods=[GET]}" onto public java.lang.String com.blog.controlller.UserspaceController.userSpace(java.lang.String,org.springframework.ui.Model)
2018-03-22 17:47:40.108  INFO 10712 --- [    Test worker] s.w.s.m.m.a.RequestMappingHandlerMapping : Mapped "{[/u/{username}/avatar],methods=[GET]}" onto public org.springframework.web.servlet.ModelAndView com.blog.controlller.UserspaceController.avatar(java.lang.String,org.springframework.ui.Model)
2018-03-22 17:47:40.108  INFO 10712 --- [    Test worker] s.w.s.m.m.a.RequestMappingHandlerMapping : Mapped "{[/u/{username}/avatar],methods=[POST]}" onto public org.springframework.http.ResponseEntity<com.blog.vo.Response> com.blog.controlller.UserspaceController.saveAvatar(java.lang.String,com.blog.domain.User)
2018-03-22 17:47:40.108  INFO 10712 --- [    Test worker] s.w.s.m.m.a.RequestMappingHandlerMapping : Mapped "{[/u/{username}/blogs],methods=[GET]}" onto public java.lang.String com.blog.controlller.UserspaceController.listBlogsByOrder(java.lang.String,java.lang.String,java.lang.Long,java.lang.String,boolean,int,int,org.springframework.ui.Model)
2018-03-22 17:47:40.110  INFO 10712 --- [    Test worker] s.w.s.m.m.a.RequestMappingHandlerMapping : Mapped "{[/u/{username}/blogs/edit],methods=[GET]}" onto public org.springframework.web.servlet.ModelAndView com.blog.controlller.UserspaceController.createBlog(java.lang.String,org.springframework.ui.Model)
2018-03-22 17:47:40.111  INFO 10712 --- [    Test worker] s.w.s.m.m.a.RequestMappingHandlerMapping : Mapped "{[/u/{username}/blogs/edit/{id}],methods=[GET]}" onto public org.springframework.web.servlet.ModelAndView com.blog.controlller.UserspaceController.editBlog(java.lang.String,java.lang.Long,org.springframework.ui.Model)
2018-03-22 17:47:40.116  INFO 10712 --- [    Test worker] s.w.s.m.m.a.RequestMappingHandlerMapping : Mapped "{[/u/{username}/blogs/{id}],methods=[DELETE]}" onto public org.springframework.http.ResponseEntity<com.blog.vo.Response> com.blog.controlller.UserspaceController.deleteBlog(java.lang.String,java.lang.Long)
2018-03-22 17:47:40.120  INFO 10712 --- [    Test worker] s.w.s.m.m.a.RequestMappingHandlerMapping : Mapped "{[/votes/{id}],methods=[DELETE]}" onto public org.springframework.http.ResponseEntity<com.blog.vo.Response> com.blog.controlller.VoteController.delete(java.lang.Long,java.lang.Long)
2018-03-22 17:47:40.120  INFO 10712 --- [    Test worker] s.w.s.m.m.a.RequestMappingHandlerMapping : Mapped "{[/votes],methods=[POST]}" onto public org.springframework.http.ResponseEntity<com.blog.vo.Response> com.blog.controlller.VoteController.createVote(java.lang.Long)
2018-03-22 17:47:40.122  INFO 10712 --- [    Test worker] s.w.s.m.m.a.RequestMappingHandlerMapping : Mapped "{[/error]}" onto public org.springframework.http.ResponseEntity<java.util.Map<java.lang.String, java.lang.Object>> org.springframework.boot.autoconfigure.web.BasicErrorController.error(javax.servlet.http.HttpServletRequest)
2018-03-22 17:47:40.122  INFO 10712 --- [    Test worker] s.w.s.m.m.a.RequestMappingHandlerMapping : Mapped "{[/error],produces=[text/html]}" onto public org.springframework.web.servlet.ModelAndView org.springframework.boot.autoconfigure.web.BasicErrorController.errorHtml(javax.servlet.http.HttpServletRequest,javax.servlet.http.HttpServletResponse)
2018-03-22 17:47:40.230  INFO 10712 --- [    Test worker] o.s.w.s.handler.SimpleUrlHandlerMapping  : Mapped URL path [/webjars/**] onto handler of type [class org.springframework.web.servlet.resource.ResourceHttpRequestHandler]
2018-03-22 17:47:40.230  INFO 10712 --- [    Test worker] o.s.w.s.handler.SimpleUrlHandlerMapping  : Mapped URL path [/**] onto handler of type [class org.springframework.web.servlet.resource.ResourceHttpRequestHandler]
2018-03-22 17:47:40.327  INFO 10712 --- [    Test worker] o.s.w.s.handler.SimpleUrlHandlerMapping  : Mapped URL path [/**/favicon.ico] onto handler of type [class org.springframework.web.servlet.resource.ResourceHttpRequestHandler]
2018-03-22 17:47:40.420  WARN 10712 --- [    Test worker] org.thymeleaf.templatemode.TemplateMode  : [THYMELEAF][Test worker] Template Mode 'HTML5' is deprecated. Using Template Mode 'HTML' instead.
2018-03-22 17:47:41.522  INFO 10712 --- [    Test worker] c.b.repository.es.EsBlogRepositoryTest   : Started EsBlogRepositoryTest in 11.293 seconds (JVM running for 12.625)
]]></system-out>
  <system-err><![CDATA[]]></system-err>
</testsuite>
